0 verbose cli C:\Program Files\nodejs\node.exe C:\Users\alish\AppData\Roaming\npm\node_modules\npm\bin\npm-cli.js
1 info using npm@11.0.0
2 info using node@v20.17.0
3 silly config load:file:C:\Users\alish\AppData\Roaming\npm\node_modules\npm\npmrc
4 silly config load:file:C:\Projects\Next.jsMilstone\portfolio\my-app\.npmrc
5 silly config load:file:C:\Users\alish\.npmrc
6 silly config load:file:C:\Users\alish\AppData\Roaming\npm\etc\npmrc
7 verbose title npm install
8 verbose argv "install"
9 verbose logfile logs-max:10 dir:C:\Projects\Next.jsMilstone\portfolio\my-app\pathtonewnpm-cache\_logs\2025-01-25T18_13_04_551Z-
10 verbose logfile C:\Projects\Next.jsMilstone\portfolio\my-app\pathtonewnpm-cache\_logs\2025-01-25T18_13_04_551Z-debug-0.log
11 silly logfile done cleaning log files
12 silly packumentCache heap:2143813632 maxSize:535953408 maxEntrySize:267976704
13 silly idealTree buildDeps
14 silly reify moves {}
15 silly audit bulk request {
15 silly audit   '@alloc/quick-lru': [ '5.2.0' ],
15 silly audit   '@babel/runtime': [ '7.26.0' ],
15 silly audit   '@emnapi/runtime': [ '1.3.1' ],
15 silly audit   '@eslint-community/eslint-utils': [ '4.4.0' ],
15 silly audit   '@eslint-community/regexpp': [ '4.11.1' ],
15 silly audit   '@eslint/eslintrc': [ '2.1.4' ],
15 silly audit   '@eslint/js': [ '8.57.1' ],
15 silly audit   '@humanwhocodes/config-array': [ '0.13.0' ],
15 silly audit   '@humanwhocodes/module-importer': [ '1.0.1' ],
15 silly audit   '@humanwhocodes/object-schema': [ '2.0.3' ],
15 silly audit   '@img/sharp-darwin-arm64': [ '0.33.5' ],
15 silly audit   '@img/sharp-darwin-x64': [ '0.33.5' ],
15 silly audit   '@img/sharp-libvips-darwin-arm64': [ '1.0.4' ],
15 silly audit   '@img/sharp-libvips-darwin-x64': [ '1.0.4' ],
15 silly audit   '@img/sharp-libvips-linux-arm': [ '1.0.5' ],
15 silly audit   '@img/sharp-libvips-linux-arm64': [ '1.0.4' ],
15 silly audit   '@img/sharp-libvips-linux-s390x': [ '1.0.4' ],
15 silly audit   '@img/sharp-libvips-linux-x64': [ '1.0.4' ],
15 silly audit   '@img/sharp-libvips-linuxmusl-arm64': [ '1.0.4' ],
15 silly audit   '@img/sharp-libvips-linuxmusl-x64': [ '1.0.4' ],
15 silly audit   '@img/sharp-linux-arm': [ '0.33.5' ],
15 silly audit   '@img/sharp-linux-arm64': [ '0.33.5' ],
15 silly audit   '@img/sharp-linux-s390x': [ '0.33.5' ],
15 silly audit   '@img/sharp-linux-x64': [ '0.33.5' ],
15 silly audit   '@img/sharp-linuxmusl-arm64': [ '0.33.5' ],
15 silly audit   '@img/sharp-linuxmusl-x64': [ '0.33.5' ],
15 silly audit   '@img/sharp-wasm32': [ '0.33.5' ],
15 silly audit   '@img/sharp-win32-ia32': [ '0.33.5' ],
15 silly audit   '@img/sharp-win32-x64': [ '0.33.5' ],
15 silly audit   '@isaacs/cliui': [ '8.0.2' ],
15 silly audit   'ansi-regex': [ '6.1.0', '5.0.1' ],
15 silly audit   'strip-ansi': [ '7.1.0', '6.0.1' ],
15 silly audit   '@jridgewell/gen-mapping': [ '0.3.5' ],
15 silly audit   '@jridgewell/resolve-uri': [ '3.1.2' ],
15 silly audit   '@jridgewell/set-array': [ '1.2.1' ],
15 silly audit   '@jridgewell/sourcemap-codec': [ '1.5.0' ],
15 silly audit   '@jridgewell/trace-mapping': [ '0.3.25' ],
15 silly audit   '@next/env': [ '15.0.3' ],
15 silly audit   '@next/eslint-plugin-next': [ '15.0.1' ],
15 silly audit   '@next/swc-darwin-arm64': [ '15.0.3' ],
15 silly audit   '@next/swc-darwin-x64': [ '15.0.3' ],
15 silly audit   '@next/swc-linux-arm64-gnu': [ '15.0.3' ],
15 silly audit   '@next/swc-linux-arm64-musl': [ '15.0.3' ],
15 silly audit   '@next/swc-linux-x64-gnu': [ '15.0.3' ],
15 silly audit   '@next/swc-linux-x64-musl': [ '15.0.3' ],
15 silly audit   '@next/swc-win32-arm64-msvc': [ '15.0.3' ],
15 silly audit   '@next/swc-win32-x64-msvc': [ '15.0.3' ],
15 silly audit   '@nodelib/fs.scandir': [ '2.1.5' ],
15 silly audit   '@nodelib/fs.stat': [ '2.0.5' ],
15 silly audit   '@nodelib/fs.walk': [ '1.2.8' ],
15 silly audit   '@nolyfill/is-core-module': [ '1.0.39' ],
15 silly audit   '@pkgjs/parseargs': [ '0.11.0' ],
15 silly audit   '@rtsao/scc': [ '1.1.0' ],
15 silly audit   '@rushstack/eslint-patch': [ '1.10.4' ],
15 silly audit   '@swc/counter': [ '0.1.3' ],
15 silly audit   '@swc/helpers': [ '0.5.13' ],
15 silly audit   '@tabler/icons': [ '3.21.0' ],
15 silly audit   '@tabler/icons-react': [ '3.21.0' ],
15 silly audit   '@types/json5': [ '0.0.29' ],
15 silly audit   '@types/node': [ '20.17.0' ],
15 silly audit   '@types/prop-types': [ '15.7.13' ],
15 silly audit   '@types/react': [ '18.3.12' ],
15 silly audit   '@types/react-dom': [ '18.3.1' ],
15 silly audit   '@typescript-eslint/eslint-plugin': [ '8.11.0' ],
15 silly audit   '@typescript-eslint/parser': [ '8.11.0' ],
15 silly audit   '@typescript-eslint/scope-manager': [ '8.11.0' ],
15 silly audit   '@typescript-eslint/type-utils': [ '8.11.0' ],
15 silly audit   '@typescript-eslint/types': [ '8.11.0' ],
15 silly audit   '@typescript-eslint/typescript-estree': [ '8.11.0' ],
15 silly audit   'brace-expansion': [ '2.0.1', '1.1.11' ],
15 silly audit   'fast-glob': [ '3.3.2', '3.3.1' ],
15 silly audit   'glob-parent': [ '5.1.2', '6.0.2' ],
15 silly audit   minimatch: [ '9.0.5', '3.1.2' ],
15 silly audit   '@typescript-eslint/utils': [ '8.11.0' ],
15 silly audit   '@typescript-eslint/visitor-keys': [ '8.11.0' ],
15 silly audit   '@ungap/structured-clone': [ '1.2.0' ],
15 silly audit   '@wellyshen/use-web-animations': [ '0.9.1' ],
15 silly audit   acorn: [ '8.13.0' ],
15 silly audit   'acorn-jsx': [ '5.3.2' ],
15 silly audit   ajv: [ '6.12.6' ],
15 silly audit   'ansi-styles': [ '4.3.0', '6.2.1' ],
15 silly audit   'any-promise': [ '1.3.0' ],
15 silly audit   anymatch: [ '3.1.3' ],
15 silly audit   aos: [ '2.3.4' ],
15 silly audit   arg: [ '5.0.2' ],
15 silly audit   argparse: [ '2.0.1' ],
15 silly audit   'aria-query': [ '5.3.2' ],
15 silly audit   'array-buffer-byte-length': [ '1.0.1' ],
15 silly audit   'array-includes': [ '3.1.8' ],
15 silly audit   'array.prototype.findlast': [ '1.2.5' ],
15 silly audit   'array.prototype.findlastindex': [ '1.2.5' ],
15 silly audit   'array.prototype.flat': [ '1.3.2' ],
15 silly audit   'array.prototype.flatmap': [ '1.3.2' ],
15 silly audit   'array.prototype.tosorted': [ '1.1.4' ],
15 silly audit   'arraybuffer.prototype.slice': [ '1.0.3' ],
15 silly audit   'ast-types-flow': [ '0.0.8' ],
15 silly audit   'available-typed-arrays': [ '1.0.7' ],
15 silly audit   'axe-core': [ '4.10.2' ],
15 silly audit   'axobject-query': [ '4.1.0' ],
15 silly audit   'balanced-match': [ '1.0.2' ],
15 silly audit   'binary-extensions': [ '2.3.0' ],
15 silly audit   braces: [ '3.0.3' ],
15 silly audit   busboy: [ '1.6.0' ],
15 silly audit   'call-bind': [ '1.0.7' ],
15 silly audit   callsites: [ '3.1.0' ],
15 silly audit   'camelcase-css': [ '2.0.1' ],
15 silly audit   'caniuse-lite': [ '1.0.30001669' ],
15 silly audit   chalk: [ '4.1.2' ],
15 silly audit   chokidar: [ '3.6.0' ],
15 silly audit   'classlist-polyfill': [ '1.2.0' ],
15 silly audit   'client-only': [ '0.0.1' ],
15 silly audit   clsx: [ '2.1.1' ],
15 silly audit   color: [ '4.2.3' ],
15 silly audit   'color-convert': [ '2.0.1' ],
15 silly audit   'color-name': [ '1.1.4' ],
15 silly audit   'color-string': [ '1.9.1' ],
15 silly audit   commander: [ '4.1.1' ],
15 silly audit   'concat-map': [ '0.0.1' ],
15 silly audit   'cross-spawn': [ '7.0.3' ],
15 silly audit   cssesc: [ '3.0.0' ],
15 silly audit   csstype: [ '3.1.3' ],
15 silly audit   'damerau-levenshtein': [ '1.0.8' ],
15 silly audit   'data-view-buffer': [ '1.0.1' ],
15 silly audit   'data-view-byte-length': [ '1.0.1' ],
15 silly audit   'data-view-byte-offset': [ '1.0.0' ],
15 silly audit   debug: [ '4.3.7', '3.2.7' ],
15 silly audit   'deep-is': [ '0.1.4' ],
15 silly audit   'define-data-property': [ '1.1.4' ],
15 silly audit   'define-properties': [ '1.2.1' ],
15 silly audit   'detect-libc': [ '2.0.3' ],
15 silly audit   didyoumean: [ '1.2.2' ],
15 silly audit   dlv: [ '1.1.3' ],
15 silly audit   doctrine: [ '3.0.0', '2.1.0' ],
15 silly audit   eastasianwidth: [ '0.2.0' ],
15 silly audit   'emoji-regex': [ '9.2.2', '8.0.0' ],
15 silly audit   'enhanced-resolve': [ '5.17.1' ],
15 silly audit   'es-abstract': [ '1.23.3' ],
15 silly audit   'es-define-property': [ '1.0.0' ],
15 silly audit   'es-errors': [ '1.3.0' ],
15 silly audit   'es-iterator-helpers': [ '1.1.0' ],
15 silly audit   'es-object-atoms': [ '1.0.0' ],
15 silly audit   'es-set-tostringtag': [ '2.0.3' ],
15 silly audit   'es-shim-unscopables': [ '1.0.2' ],
15 silly audit   'es-to-primitive': [ '1.2.1' ],
15 silly audit   'escape-string-regexp': [ '4.0.0' ],
15 silly audit   eslint: [ '8.57.1' ],
15 silly audit   'eslint-config-next': [ '15.0.1' ],
15 silly audit   'eslint-import-resolver-node': [ '0.3.9' ],
15 silly audit   'eslint-import-resolver-typescript': [ '3.6.3' ],
15 silly audit   'eslint-module-utils': [ '2.12.0' ],
15 silly audit   'eslint-plugin-import': [ '2.31.0' ],
15 silly audit   semver: [ '6.3.1', '7.6.3' ],
15 silly audit   'eslint-plugin-jsx-a11y': [ '6.10.1' ],
15 silly audit   'eslint-plugin-react': [ '7.37.2' ],
15 silly audit   'eslint-plugin-react-hooks': [ '5.0.0' ],
15 silly audit   resolve: [ '2.0.0-next.5', '1.22.8' ],
15 silly audit   'eslint-scope': [ '7.2.2' ],
15 silly audit   'eslint-visitor-keys': [ '3.4.3' ],
15 silly audit   espree: [ '9.6.1' ],
15 silly audit   esquery: [ '1.6.0' ],
15 silly audit   esrecurse: [ '4.3.0' ],
15 silly audit   estraverse: [ '5.3.0' ],
15 silly audit   esutils: [ '2.0.3' ],
15 silly audit   'fast-deep-equal': [ '3.1.3' ],
15 silly audit   'fast-json-stable-stringify': [ '2.1.0' ],
15 silly audit   'fast-levenshtein': [ '2.0.6' ],
15 silly audit   fastq: [ '1.17.1' ],
15 silly audit   'file-entry-cache': [ '6.0.1' ],
15 silly audit   'fill-range': [ '7.1.1' ],
15 silly audit   'find-up': [ '5.0.0' ],
15 silly audit   'flat-cache': [ '3.2.0' ],
15 silly audit   flatted: [ '3.3.1' ],
15 silly audit   'for-each': [ '0.3.3' ],
15 silly audit   'foreground-child': [ '3.3.0' ],
15 silly audit   'framer-motion': [ '11.11.11' ],
15 silly audit   'fs.realpath': [ '1.0.0' ],
15 silly audit   fsevents: [ '2.3.3' ],
15 silly audit   'function-bind': [ '1.1.2' ],
15 silly audit   'function.prototype.name': [ '1.1.6' ],
15 silly audit   'functions-have-names': [ '1.2.3' ],
15 silly audit   'get-intrinsic': [ '1.2.4' ],
15 silly audit   'get-symbol-description': [ '1.0.2' ],
15 silly audit   'get-tsconfig': [ '4.8.1' ],
15 silly audit   glob: [ '7.2.3', '10.4.5' ],
15 silly audit   globals: [ '13.24.0' ],
15 silly audit   globalthis: [ '1.0.4' ],
15 silly audit   gopd: [ '1.0.1' ],
15 silly audit   'graceful-fs': [ '4.2.11' ],
15 silly audit   graphemer: [ '1.4.0' ],
15 silly audit   'has-bigints': [ '1.0.2' ],
15 silly audit   'has-flag': [ '4.0.0' ],
15 silly audit   'has-property-descriptors': [ '1.0.2' ],
15 silly audit   'has-proto': [ '1.0.3' ],
15 silly audit   'has-symbols': [ '1.0.3' ],
15 silly audit   'has-tostringtag': [ '1.0.2' ],
15 silly audit   hasown: [ '2.0.2' ],
15 silly audit   ignore: [ '5.3.2' ],
15 silly audit   'import-fresh': [ '3.3.0' ],
15 silly audit   imurmurhash: [ '0.1.4' ],
15 silly audit   inflight: [ '1.0.6' ],
15 silly audit   inherits: [ '2.0.4' ],
15 silly audit   'internal-slot': [ '1.0.7' ],
15 silly audit   'is-array-buffer': [ '3.0.4' ],
15 silly audit   'is-arrayish': [ '0.3.2' ],
15 silly audit   'is-async-function': [ '2.0.0' ],
15 silly audit   'is-bigint': [ '1.0.4' ],
15 silly audit   'is-binary-path': [ '2.1.0' ],
15 silly audit   'is-boolean-object': [ '1.1.2' ],
15 silly audit   'is-bun-module': [ '1.2.1' ],
15 silly audit   'is-callable': [ '1.2.7' ],
15 silly audit   'is-core-module': [ '2.15.1' ],
15 silly audit   'is-data-view': [ '1.0.1' ],
15 silly audit   'is-date-object': [ '1.0.5' ],
15 silly audit   'is-extglob': [ '2.1.1' ],
15 silly audit   'is-finalizationregistry': [ '1.0.2' ],
15 silly audit   'is-fullwidth-code-point': [ '3.0.0' ],
15 silly audit   'is-generator-function': [ '1.0.10' ],
15 silly audit   'is-glob': [ '4.0.3' ],
15 silly audit   'is-map': [ '2.0.3' ],
15 silly audit   'is-negative-zero': [ '2.0.3' ],
15 silly audit   'is-number': [ '7.0.0' ],
15 silly audit   'is-number-object': [ '1.0.7' ],
15 silly audit   'is-path-inside': [ '3.0.3' ],
15 silly audit   'is-regex': [ '1.1.4' ],
15 silly audit   'is-set': [ '2.0.3' ],
15 silly audit   'is-shared-array-buffer': [ '1.0.3' ],
15 silly audit   'is-string': [ '1.0.7' ],
15 silly audit   'is-symbol': [ '1.0.4' ],
15 silly audit   'is-typed-array': [ '1.1.13' ],
15 silly audit   'is-weakmap': [ '2.0.2' ],
15 silly audit   'is-weakref': [ '1.0.2' ],
15 silly audit   'is-weakset': [ '2.0.3' ],
15 silly audit   isarray: [ '2.0.5' ],
15 silly audit   isexe: [ '2.0.0' ],
15 silly audit   'iterator.prototype': [ '1.1.3' ],
15 silly audit   jackspeak: [ '3.4.3' ],
15 silly audit   jiti: [ '1.21.6' ],
15 silly audit   'js-tokens': [ '4.0.0' ],
15 silly audit   'js-yaml': [ '4.1.0' ],
15 silly audit   'json-buffer': [ '3.0.1' ],
15 silly audit   'json-schema-traverse': [ '0.4.1' ],
15 silly audit   'json-stable-stringify-without-jsonify': [ '1.0.1' ],
15 silly audit   json5: [ '1.0.2' ],
15 silly audit   'jsx-ast-utils': [ '3.3.5' ],
15 silly audit   keyv: [ '4.5.4' ],
15 silly audit   'language-subtag-registry': [ '0.3.23' ],
15 silly audit   'language-tags': [ '1.0.9' ],
15 silly audit   levn: [ '0.4.1' ],
15 silly audit   lilconfig: [ '2.1.0', '3.1.2' ],
15 silly audit   'lines-and-columns': [ '1.2.4' ],
15 silly audit   'locate-path': [ '6.0.0' ],
15 silly audit   'lodash.debounce': [ '4.0.8' ],
15 silly audit   'lodash.merge': [ '4.6.2' ],
15 silly audit   'lodash.throttle': [ '4.1.1' ],
15 silly audit   'loose-envify': [ '1.4.0' ],
15 silly audit   'lru-cache': [ '10.4.3' ],
15 silly audit   merge2: [ '1.4.1' ],
15 silly audit   micromatch: [ '4.0.8' ],
15 silly audit   minimist: [ '1.2.8' ],
15 silly audit   minipass: [ '7.1.2' ],
15 silly audit   ms: [ '2.1.3' ],
15 silly audit   mz: [ '2.7.0' ],
15 silly audit   nanoid: [ '3.3.7' ],
15 silly audit   'natural-compare': [ '1.4.0' ],
15 silly audit   next: [ '15.0.3' ],
15 silly audit   postcss: [ '8.4.31', '8.4.47' ],
15 silly audit   'normalize-path': [ '3.0.0' ],
15 silly audit   'object-assign': [ '4.1.1' ],
15 silly audit   'object-hash': [ '3.0.0' ],
15 silly audit   'object-inspect': [ '1.13.2' ],
15 silly audit   'object-keys': [ '1.1.1' ],
15 silly audit   'object.assign': [ '4.1.5' ],
15 silly audit   'object.entries': [ '1.1.8' ],
15 silly audit   'object.fromentries': [ '2.0.8' ],
15 silly audit   'object.groupby': [ '1.0.3' ],
15 silly audit   'object.values': [ '1.2.0' ],
15 silly audit   once: [ '1.4.0' ],
15 silly audit   optionator: [ '0.9.4' ],
15 silly audit   'p-limit': [ '3.1.0' ],
15 silly audit   'p-locate': [ '5.0.0' ],
15 silly audit   'package-json-from-dist': [ '1.0.1' ],
15 silly audit   'parent-module': [ '1.0.1' ],
15 silly audit   'path-exists': [ '4.0.0' ],
15 silly audit   'path-is-absolute': [ '1.0.1' ],
15 silly audit   'path-key': [ '3.1.1' ],
15 silly audit   'path-parse': [ '1.0.7' ],
15 silly audit   'path-scurry': [ '1.11.1' ],
15 silly audit   picocolors: [ '1.1.1' ],
15 silly audit   picomatch: [ '2.3.1' ],
15 silly audit   pify: [ '2.3.0' ],
15 silly audit   pirates: [ '4.0.6' ],
15 silly audit   'possible-typed-array-names': [ '1.0.0' ],
15 silly audit   'postcss-import': [ '15.1.0' ],
15 silly audit   'postcss-js': [ '4.0.1' ],
15 silly audit   'postcss-load-config': [ '4.0.2' ],
15 silly audit   'postcss-nested': [ '6.2.0' ],
15 silly audit   'postcss-selector-parser': [ '6.1.2' ],
15 silly audit   'postcss-value-parser': [ '4.2.0' ],
15 silly audit   'prelude-ls': [ '1.2.1' ],
15 silly audit   'prop-types': [ '15.8.1' ],
15 silly audit   punycode: [ '2.3.1' ],
15 silly audit   'queue-microtask': [ '1.2.3' ],
15 silly audit   react: [ '18.3.1' ],
15 silly audit   'react-dom': [ '18.3.1' ],
15 silly audit   'react-icons': [ '5.3.0' ],
15 silly audit   'react-is': [ '16.13.1' ],
15 silly audit   'read-cache': [ '1.0.0' ],
15 silly audit   readdirp: [ '3.6.0' ],
15 silly audit   'reflect.getprototypeof': [ '1.0.6' ],
15 silly audit   'regenerator-runtime': [ '0.14.1' ],
15 silly audit   'regexp.prototype.flags': [ '1.5.3' ],
15 silly audit   'resolve-from': [ '4.0.0' ],
15 silly audit   'resolve-pkg-maps': [ '1.0.0' ],
15 silly audit   reusify: [ '1.0.4' ],
15 silly audit   rimraf: [ '3.0.2' ],
15 silly audit   'run-parallel': [ '1.2.0' ],
15 silly audit   'safe-array-concat': [ '1.1.2' ],
15 silly audit   'safe-regex-test': [ '1.0.3' ],
15 silly audit   scheduler: [ '0.23.2' ],
15 silly audit   'set-function-length': [ '1.2.2' ],
15 silly audit   'set-function-name': [ '2.0.2' ],
15 silly audit   sharp: [ '0.33.5' ],
15 silly audit   'shebang-command': [ '2.0.0' ],
15 silly audit   'shebang-regex': [ '3.0.0' ],
15 silly audit   'side-channel': [ '1.0.6' ],
15 silly audit   'signal-exit': [ '4.1.0' ],
15 silly audit   'simple-swizzle': [ '0.2.2' ],
15 silly audit   'source-map-js': [ '1.2.1' ],
15 silly audit   streamsearch: [ '1.1.0' ],
15 silly audit   'string-width': [ '5.1.2', '4.2.3' ],
15 silly audit   'string.prototype.includes': [ '2.0.1' ],
15 silly audit   'string.prototype.matchall': [ '4.0.11' ],
15 silly audit   'string.prototype.repeat': [ '1.0.0' ],
15 silly audit   'string.prototype.trim': [ '1.2.9' ],
15 silly audit   'string.prototype.trimend': [ '1.0.8' ],
15 silly audit   'string.prototype.trimstart': [ '1.0.8' ],
15 silly audit   'strip-bom': [ '3.0.0' ],
15 silly audit   'strip-json-comments': [ '3.1.1' ],
15 silly audit   'styled-jsx': [ '5.1.6' ],
15 silly audit   sucrase: [ '3.35.0' ],
15 silly audit   'supports-color': [ '7.2.0' ],
15 silly audit   'supports-preserve-symlinks-flag': [ '1.0.0' ],
15 silly audit   'tailwind-merge': [ '2.5.4' ],
15 silly audit   tailwindcss: [ '3.4.14' ],
15 silly audit   tapable: [ '2.2.1' ],
15 silly audit   'text-table': [ '0.2.0' ],
15 silly audit   thenify: [ '3.3.1' ],
15 silly audit   'thenify-all': [ '1.6.0' ],
15 silly audit   'to-regex-range': [ '5.0.1' ],
15 silly audit   'ts-api-utils': [ '1.3.0' ],
15 silly audit   'ts-interface-checker': [ '0.1.13' ],
15 silly audit   'tsconfig-paths': [ '3.15.0' ],
15 silly audit   tslib: [ '2.8.0' ],
15 silly audit   'type-check': [ '0.4.0' ],
15 silly audit   'type-fest': [ '0.20.2' ],
15 silly audit   'typed-array-buffer': [ '1.0.2' ],
15 silly audit   'typed-array-byte-length': [ '1.0.1' ],
15 silly audit   'typed-array-byte-offset': [ '1.0.2' ],
15 silly audit   'typed-array-length': [ '1.0.6' ],
15 silly audit   typescript: [ '5.6.3' ],
15 silly audit   'unbox-primitive': [ '1.0.2' ],
15 silly audit   'undici-types': [ '6.19.8' ],
15 silly audit   'uri-js': [ '4.4.1' ],
15 silly audit   'util-deprecate': [ '1.0.2' ],
15 silly audit   which: [ '2.0.2' ],
15 silly audit   'which-boxed-primitive': [ '1.0.2' ],
15 silly audit   'which-builtin-type': [ '1.1.4' ],
15 silly audit   'which-collection': [ '1.0.2' ],
15 silly audit   'which-typed-array': [ '1.1.15' ],
15 silly audit   'word-wrap': [ '1.2.5' ],
15 silly audit   'wrap-ansi': [ '8.1.0', '7.0.0' ],
15 silly audit   wrappy: [ '1.0.2' ],
15 silly audit   yaml: [ '2.6.0' ],
15 silly audit   'yocto-queue': [ '0.1.0' ]
15 silly audit }
16 verbose reify failed optional dependency C:\Projects\Next.jsMilstone\portfolio\my-app\node_modules\fsevents
17 silly reify mark deleted [
17 silly reify   'C:\\Projects\\Next.jsMilstone\\portfolio\\my-app\\node_modules\\fsevents'
17 silly reify ]
18 verbose reify failed optional dependency C:\Projects\Next.jsMilstone\portfolio\my-app\node_modules\@next\swc-win32-arm64-msvc
19 silly reify mark deleted [
19 silly reify   'C:\\Projects\\Next.jsMilstone\\portfolio\\my-app\\node_modules\\@next\\swc-win32-arm64-msvc'
19 silly reify ]
20 verbose reify failed optional dependency C:\Projects\Next.jsMilstone\portfolio\my-app\node_modules\@next\swc-linux-x64-musl
21 silly reify mark deleted [
21 silly reify   'C:\\Projects\\Next.jsMilstone\\portfolio\\my-app\\node_modules\\@next\\swc-linux-x64-musl'
21 silly reify ]
22 verbose reify failed optional dependency C:\Projects\Next.jsMilstone\portfolio\my-app\node_modules\@next\swc-linux-x64-gnu
23 silly reify mark deleted [
23 silly reify   'C:\\Projects\\Next.jsMilstone\\portfolio\\my-app\\node_modules\\@next\\swc-linux-x64-gnu'
23 silly reify ]
24 verbose reify failed optional dependency C:\Projects\Next.jsMilstone\portfolio\my-app\node_modules\@next\swc-linux-arm64-musl
25 silly reify mark deleted [
25 silly reify   'C:\\Projects\\Next.jsMilstone\\portfolio\\my-app\\node_modules\\@next\\swc-linux-arm64-musl'
25 silly reify ]
26 verbose reify failed optional dependency C:\Projects\Next.jsMilstone\portfolio\my-app\node_modules\@next\swc-linux-arm64-gnu
27 silly reify mark deleted [
27 silly reify   'C:\\Projects\\Next.jsMilstone\\portfolio\\my-app\\node_modules\\@next\\swc-linux-arm64-gnu'
27 silly reify ]
28 verbose reify failed optional dependency C:\Projects\Next.jsMilstone\portfolio\my-app\node_modules\@next\swc-darwin-x64
29 silly reify mark deleted [
29 silly reify   'C:\\Projects\\Next.jsMilstone\\portfolio\\my-app\\node_modules\\@next\\swc-darwin-x64'
29 silly reify ]
30 verbose reify failed optional dependency C:\Projects\Next.jsMilstone\portfolio\my-app\node_modules\@next\swc-darwin-arm64
31 silly reify mark deleted [
31 silly reify   'C:\\Projects\\Next.jsMilstone\\portfolio\\my-app\\node_modules\\@next\\swc-darwin-arm64'
31 silly reify ]
32 verbose reify failed optional dependency C:\Projects\Next.jsMilstone\portfolio\my-app\node_modules\@img\sharp-win32-ia32
33 silly reify mark deleted [
33 silly reify   'C:\\Projects\\Next.jsMilstone\\portfolio\\my-app\\node_modules\\@img\\sharp-win32-ia32'
33 silly reify ]
34 verbose reify failed optional dependency C:\Projects\Next.jsMilstone\portfolio\my-app\node_modules\@img\sharp-wasm32
35 silly reify mark deleted [
35 silly reify   'C:\\Projects\\Next.jsMilstone\\portfolio\\my-app\\node_modules\\@img\\sharp-wasm32'
35 silly reify ]
36 verbose reify failed optional dependency C:\Projects\Next.jsMilstone\portfolio\my-app\node_modules\@emnapi\runtime
37 silly reify mark deleted [
37 silly reify   'C:\\Projects\\Next.jsMilstone\\portfolio\\my-app\\node_modules\\@emnapi\\runtime'
37 silly reify ]
38 verbose reify failed optional dependency C:\Projects\Next.jsMilstone\portfolio\my-app\node_modules\@img\sharp-linuxmusl-x64
39 silly reify mark deleted [
39 silly reify   'C:\\Projects\\Next.jsMilstone\\portfolio\\my-app\\node_modules\\@img\\sharp-linuxmusl-x64'
39 silly reify ]
40 verbose reify failed optional dependency C:\Projects\Next.jsMilstone\portfolio\my-app\node_modules\@img\sharp-linuxmusl-arm64
41 silly reify mark deleted [
41 silly reify   'C:\\Projects\\Next.jsMilstone\\portfolio\\my-app\\node_modules\\@img\\sharp-linuxmusl-arm64'
41 silly reify ]
42 verbose reify failed optional dependency C:\Projects\Next.jsMilstone\portfolio\my-app\node_modules\@img\sharp-linux-x64
43 silly reify mark deleted [
43 silly reify   'C:\\Projects\\Next.jsMilstone\\portfolio\\my-app\\node_modules\\@img\\sharp-linux-x64'
43 silly reify ]
44 verbose reify failed optional dependency C:\Projects\Next.jsMilstone\portfolio\my-app\node_modules\@img\sharp-linux-s390x
45 silly reify mark deleted [
45 silly reify   'C:\\Projects\\Next.jsMilstone\\portfolio\\my-app\\node_modules\\@img\\sharp-linux-s390x'
45 silly reify ]
46 verbose reify failed optional dependency C:\Projects\Next.jsMilstone\portfolio\my-app\node_modules\@img\sharp-linux-arm64
47 silly reify mark deleted [
47 silly reify   'C:\\Projects\\Next.jsMilstone\\portfolio\\my-app\\node_modules\\@img\\sharp-linux-arm64'
47 silly reify ]
48 verbose reify failed optional dependency C:\Projects\Next.jsMilstone\portfolio\my-app\node_modules\@img\sharp-linux-arm
49 silly reify mark deleted [
49 silly reify   'C:\\Projects\\Next.jsMilstone\\portfolio\\my-app\\node_modules\\@img\\sharp-linux-arm'
49 silly reify ]
50 verbose reify failed optional dependency C:\Projects\Next.jsMilstone\portfolio\my-app\node_modules\@img\sharp-libvips-linuxmusl-x64
51 silly reify mark deleted [
51 silly reify   'C:\\Projects\\Next.jsMilstone\\portfolio\\my-app\\node_modules\\@img\\sharp-libvips-linuxmusl-x64'
51 silly reify ]
52 verbose reify failed optional dependency C:\Projects\Next.jsMilstone\portfolio\my-app\node_modules\@img\sharp-libvips-linuxmusl-arm64
53 silly reify mark deleted [
53 silly reify   'C:\\Projects\\Next.jsMilstone\\portfolio\\my-app\\node_modules\\@img\\sharp-libvips-linuxmusl-arm64'
53 silly reify ]
54 verbose reify failed optional dependency C:\Projects\Next.jsMilstone\portfolio\my-app\node_modules\@img\sharp-libvips-linux-x64
55 silly reify mark deleted [
55 silly reify   'C:\\Projects\\Next.jsMilstone\\portfolio\\my-app\\node_modules\\@img\\sharp-libvips-linux-x64'
55 silly reify ]
56 verbose reify failed optional dependency C:\Projects\Next.jsMilstone\portfolio\my-app\node_modules\@img\sharp-libvips-linux-s390x
57 silly reify mark deleted [
57 silly reify   'C:\\Projects\\Next.jsMilstone\\portfolio\\my-app\\node_modules\\@img\\sharp-libvips-linux-s390x'
57 silly reify ]
58 verbose reify failed optional dependency C:\Projects\Next.jsMilstone\portfolio\my-app\node_modules\@img\sharp-libvips-linux-arm64
59 silly reify mark deleted [
59 silly reify   'C:\\Projects\\Next.jsMilstone\\portfolio\\my-app\\node_modules\\@img\\sharp-libvips-linux-arm64'
59 silly reify ]
60 verbose reify failed optional dependency C:\Projects\Next.jsMilstone\portfolio\my-app\node_modules\@img\sharp-libvips-linux-arm
61 silly reify mark deleted [
61 silly reify   'C:\\Projects\\Next.jsMilstone\\portfolio\\my-app\\node_modules\\@img\\sharp-libvips-linux-arm'
61 silly reify ]
62 verbose reify failed optional dependency C:\Projects\Next.jsMilstone\portfolio\my-app\node_modules\@img\sharp-libvips-darwin-x64
63 silly reify mark deleted [
63 silly reify   'C:\\Projects\\Next.jsMilstone\\portfolio\\my-app\\node_modules\\@img\\sharp-libvips-darwin-x64'
63 silly reify ]
64 verbose reify failed optional dependency C:\Projects\Next.jsMilstone\portfolio\my-app\node_modules\@img\sharp-libvips-darwin-arm64
65 silly reify mark deleted [
65 silly reify   'C:\\Projects\\Next.jsMilstone\\portfolio\\my-app\\node_modules\\@img\\sharp-libvips-darwin-arm64'
65 silly reify ]
66 verbose reify failed optional dependency C:\Projects\Next.jsMilstone\portfolio\my-app\node_modules\@img\sharp-darwin-x64
67 silly reify mark deleted [
67 silly reify   'C:\\Projects\\Next.jsMilstone\\portfolio\\my-app\\node_modules\\@img\\sharp-darwin-x64'
67 silly reify ]
68 verbose reify failed optional dependency C:\Projects\Next.jsMilstone\portfolio\my-app\node_modules\@img\sharp-darwin-arm64
69 silly reify mark deleted [
69 silly reify   'C:\\Projects\\Next.jsMilstone\\portfolio\\my-app\\node_modules\\@img\\sharp-darwin-arm64'
69 silly reify ]
70 http cache @emnapi/runtime@https://registry.npmjs.org/@emnapi/runtime/-/runtime-1.3.1.tgz 1ms (cache hit)
71 silly tarball no local data for @emnapi/runtime@https://registry.npmjs.org/@emnapi/runtime/-/runtime-1.3.1.tgz. Extracting by manifest.
72 http fetch POST 200 https://registry.npmjs.org/-/npm/v1/security/advisories/bulk 851ms
73 silly audit report {
73 silly audit report   'cross-spawn': [
73 silly audit report     {
73 silly audit report       id: 1100563,
73 silly audit report       url: 'https://github.com/advisories/GHSA-3xgq-45jj-v275',
73 silly audit report       title: 'Regular Expression Denial of Service (ReDoS) in cross-spawn',
73 silly audit report       severity: 'high',
73 silly audit report       vulnerable_versions: '>=7.0.0 <7.0.5',
73 silly audit report       cwe: [Array],
73 silly audit report       cvss: [Object]
73 silly audit report     }
73 silly audit report   ],
73 silly audit report   nanoid: [
73 silly audit report     {
73 silly audit report       id: 1101163,
73 silly audit report       url: 'https://github.com/advisories/GHSA-mwcw-c2x4-8c55',
73 silly audit report       title: 'Predictable results in nanoid generation when given non-integer values',
73 silly audit report       severity: 'moderate',
73 silly audit report       vulnerable_versions: '<3.3.8',
73 silly audit report       cwe: [Array],
73 silly audit report       cvss: [Object]
73 silly audit report     }
73 silly audit report   ],
73 silly audit report   next: [
73 silly audit report     {
73 silly audit report       id: 1101437,
73 silly audit report       url: 'https://github.com/advisories/GHSA-7m27-7ghc-44w9',
73 silly audit report       title: 'Next.js Allows a Denial of Service (DoS) with Server Actions',
73 silly audit report       severity: 'moderate',
73 silly audit report       vulnerable_versions: '>=15.0.0 <15.1.2',
73 silly audit report       cwe: [Array],
73 silly audit report       cvss: [Object]
73 silly audit report     }
73 silly audit report   ]
73 silly audit report }
74 silly packumentCache corgi:https://registry.npmjs.org/cross-spawn cache-miss
75 silly packumentCache corgi:https://registry.npmjs.org/nanoid cache-miss
76 silly packumentCache corgi:https://registry.npmjs.org/next cache-miss
77 http fetch GET 200 https://registry.npmjs.org/@emnapi/runtime/-/runtime-1.3.1.tgz 752ms (cache miss)
78 http fetch GET 200 https://registry.npmjs.org/cross-spawn 666ms (cache miss)
79 silly packumentCache corgi:https://registry.npmjs.org/cross-spawn set size:undefined disposed:false
80 http fetch GET 200 https://registry.npmjs.org/nanoid 683ms (cache miss)
81 silly packumentCache corgi:https://registry.npmjs.org/nanoid set size:undefined disposed:false
82 http fetch GET 200 https://registry.npmjs.org/next 2417ms (cache miss)
83 silly packumentCache corgi:https://registry.npmjs.org/next set size:undefined disposed:false
84 silly packumentCache corgi:https://registry.npmjs.org/eslint cache-miss
85 silly packumentCache corgi:https://registry.npmjs.org/foreground-child cache-miss
86 http fetch GET 200 https://registry.npmjs.org/foreground-child 170ms (cache miss)
87 silly packumentCache corgi:https://registry.npmjs.org/foreground-child set size:undefined disposed:false
88 http fetch GET 200 https://registry.npmjs.org/eslint 288ms (cache miss)
89 silly packumentCache corgi:https://registry.npmjs.org/eslint set size:undefined disposed:false
90 silly packumentCache corgi:https://registry.npmjs.org/postcss cache-miss
91 http fetch GET 200 https://registry.npmjs.org/postcss 193ms (cache miss)
92 silly packumentCache corgi:https://registry.npmjs.org/postcss set size:undefined disposed:false
93 silly ADD
94 silly ADD
95 silly ADD
96 silly ADD
97 silly ADD
98 silly ADD
99 silly ADD
100 silly ADD
101 silly ADD
102 silly ADD
103 silly ADD
104 silly ADD
105 silly ADD
106 silly ADD
107 silly ADD
108 silly ADD
109 silly ADD
110 silly ADD
111 silly ADD
112 silly ADD
113 silly ADD
114 silly ADD
115 silly ADD
116 silly ADD
117 silly ADD
118 silly ADD
119 silly ADD
120 verbose cwd C:\Projects\Next.jsMilstone\portfolio\my-app
121 verbose os Windows_NT 10.0.19045
122 verbose node v20.17.0
123 verbose npm  v11.0.0
124 verbose exit 0
125 info ok
